<?xml version="1.0" encoding="UTF-8"?>
<!-- Generated by org.testng.reporters.JUnitReportReporter -->
<testsuite hostname="Mederbeks-MacBook-Air" failures="0" tests="1" name="com.fourstay.tests.fourstayTestCases" time="11.079" errors="0" timestamp="22 Jan 2019 19:22:02 GMT" skipped="0">
  <testcase classname="com.fourstay.tests.fourstayTestCases" name="navigateToWebsite" time="11.079"/>
</testsuite> <!-- com.fourstay.tests.fourstayTestCases -->
